{"level":"info","message":"Calculator microservice running on port 3000","service":"calculator-microservice"}
{"level":"info","message":"Incoming GET request to /divide?num1=10&num2=6","metadata":{"body":{},"headers":{"accept":"*/*","accept-encoding":"gzip, deflate, br","connection":"keep-alive","host":"localhost:3000","postman-token":"32fd7c5e-44cc-4e3b-84c2-5d386dea7ae7","user-agent":"PostmanRuntime/7.43.0"},"ip":"::1"},"service":"calculator-microservice"}
{"level":"info","message":"Division operation: 10 / 6 = 1.6666666666666667","service":"calculator-microservice"}
{"level":"info","message":"Incoming GET request to /add?num1=10","metadata":{"body":{},"headers":{"accept":"*/*","accept-encoding":"gzip, deflate, br","connection":"keep-alive","host":"localhost:3000","postman-token":"249d9cf5-20ed-4932-815f-f8bd27e4d083","user-agent":"PostmanRuntime/7.43.0"},"ip":"::1"},"service":"calculator-microservice"}
{"level":"error","message":"Both numbers are required","service":"calculator-microservice"}
{"level":"info","message":"Incoming GET request to /subtract?num1=10&num2=6","metadata":{"body":{},"headers":{"accept":"*/*","accept-encoding":"gzip, deflate, br","connection":"keep-alive","host":"localhost:3000","postman-token":"edd419f9-6084-4d91-9437-8b3c08107e7c","user-agent":"PostmanRuntime/7.43.0"},"ip":"::1"},"service":"calculator-microservice"}
{"level":"info","message":"New Subtraction operation requested: 10 - 6 = 4","service":"calculator-microservice"}
{"level":"info","message":"Incoming GET request to /subtract?num1=10&num2=6","metadata":{"body":{},"headers":{"accept":"*/*","accept-encoding":"gzip, deflate, br","connection":"keep-alive","host":"localhost:3000","postman-token":"3abc9c0b-737f-4076-8483-5df05f858d21","user-agent":"PostmanRuntime/7.43.0"},"ip":"::1"},"service":"calculator-microservice"}
{"level":"info","message":"New Subtraction operation requested: 10 - 6 = 4","service":"calculator-microservice"}
{"level":"info","message":"Incoming GET request to /multiply?num1=10&num2=6","metadata":{"body":{},"headers":{"accept":"*/*","accept-encoding":"gzip, deflate, br","connection":"keep-alive","host":"localhost:3000","postman-token":"3e5f9254-c4cd-426f-b780-60e68050c8ac","user-agent":"PostmanRuntime/7.43.0"},"ip":"::1"},"service":"calculator-microservice"}
{"level":"info","message":"New Multiplication operation requested: 10 * 6 = 60","service":"calculator-microservice"}
{"level":"info","message":"Incoming GET request to /divide?num1=10&num2=6","metadata":{"body":{},"headers":{"accept":"*/*","accept-encoding":"gzip, deflate, br","connection":"keep-alive","host":"localhost:3000","postman-token":"0c20dc11-9288-4cf9-8e09-7a7710b29dda","user-agent":"PostmanRuntime/7.43.0"},"ip":"::1"},"service":"calculator-microservice"}
{"level":"info","message":"Division operation: 10 / 6 = 1.6666666666666667","service":"calculator-microservice"}
{"level":"info","message":"Incoming GET request to /power?num1=10&num2=6","metadata":{"body":{},"headers":{"accept":"*/*","accept-encoding":"gzip, deflate, br","connection":"keep-alive","host":"localhost:3000","postman-token":"8c11173d-ba02-47c6-b78c-7dc0f8fc3717","user-agent":"PostmanRuntime/7.43.0"},"ip":"::1"},"service":"calculator-microservice"}
{"level":"info","message":"Exponentiation operation: 10 ^ 6 = 1000000","service":"calculator-microservice"}
{"level":"info","message":"Incoming GET request to /sqrt?num1=64","metadata":{"body":{},"headers":{"accept":"*/*","accept-encoding":"gzip, deflate, br","connection":"keep-alive","host":"localhost:3000","postman-token":"fab26ff1-0909-48d9-a05b-4c9793dfec31","user-agent":"PostmanRuntime/7.43.0"},"ip":"::1"},"service":"calculator-microservice"}
{"level":"info","message":"Square Root operation: 64 = 8","service":"calculator-microservice"}
{"level":"info","message":"Incoming GET request to /power?num1=10&num2=6","metadata":{"body":{},"headers":{"accept":"*/*","accept-encoding":"gzip, deflate, br","connection":"keep-alive","host":"localhost:3000","postman-token":"3192928e-366f-4856-9ab0-2f1122169330","user-agent":"PostmanRuntime/7.43.0"},"ip":"::1"},"service":"calculator-microservice"}
{"level":"info","message":"Exponentiation operation: 10 ^ 6 = 1000000","service":"calculator-microservice"}
{"level":"info","message":"Incoming GET request to /modulo?num1=10&num2=6","metadata":{"body":{},"headers":{"accept":"*/*","accept-encoding":"gzip, deflate, br","connection":"keep-alive","host":"localhost:3000","postman-token":"f3e31cd8-5498-4db3-a547-33b8437dc419","user-agent":"PostmanRuntime/7.43.0"},"ip":"::1"},"service":"calculator-microservice"}
{"level":"info","message":"Modulo operation: 10 % 6 = 4","service":"calculator-microservice"}
